<?xml version="1.0" encoding="UTF-8"?>
<!-- Generated by org.testng.reporters.JUnitReportReporter -->
<testsuite hostname="Sandesh" failures="0" tests="1" name="application.tests.ContactUsPageTest" time="22.207" errors="0" timestamp="2023-09-14T00:09:53 IST" skipped="0">
  <testcase classname="application.tests.ContactUsPageTest" name="verifyContactUsForm" time="22.207"/>
</testsuite> <!-- application.tests.ContactUsPageTest -->
