<?xml version="1.0" encoding="UTF-8"?>
<!-- Generated by org.testng.reporters.JUnitReportReporter -->
<testsuite hostname="Sandesh" failures="0" tests="6" name="application.tests.ProductsPageTests" time="16.934" errors="0" timestamp="2023-09-20T23:04:52 IST" skipped="5">
  <testcase classname="application.tests.ProductsPageTests" name="addReviewOnProduct" time="16.934"/>
  <testcase classname="application.tests.ProductsPageTests" name="verifyViewAndCartBrandProducts">
    <skipped/>
  </testcase> <!-- verifyViewAndCartBrandProducts -->
  <testcase classname="application.tests.ProductsPageTests" name="searchProductAndVerifyCartAfterLogin">
    <skipped/>
  </testcase> <!-- searchProductAndVerifyCartAfterLogin -->
  <testcase classname="application.tests.ProductsPageTests" name="verifySearchProduct">
    <skipped/>
  </testcase> <!-- verifySearchProduct -->
  <testcase classname="application.tests.ProductsPageTests" name="verifyProductsAndProductsDetails">
    <skipped/>
  </testcase> <!-- verifyProductsAndProductsDetails -->
  <testcase classname="application.tests.ProductsPageTests" name="verifyViewCategoryProducts">
    <skipped/>
  </testcase> <!-- verifyViewCategoryProducts -->
</testsuite> <!-- application.tests.ProductsPageTests -->
