<?xml version="1.0" encoding="UTF-8"?>
<!-- Generated by org.testng.reporters.JUnitReportReporter -->
<testsuite hostname="Sandesh" failures="0" tests="7" name="application.tests.HomePageTests" time="18.033" errors="0" timestamp="2023-09-22T02:27:01 IST" skipped="6">
  <testcase classname="application.tests.HomePageTests" name="verifyScrollUpWithoutArrow" time="18.033"/>
  <testcase classname="application.tests.HomePageTests" name="verifySubscriptionInHomePage">
    <skipped/>
  </testcase> <!-- verifySubscriptionInHomePage -->
  <testcase classname="application.tests.HomePageTests" name="verifyScrollUpWithArrowAndScrollDown">
    <skipped/>
  </testcase> <!-- verifyScrollUpWithArrowAndScrollDown -->
  <testcase classname="application.tests.HomePageTests" name="RegisterUser">
    <skipped/>
  </testcase> <!-- RegisterUser -->
  <testcase classname="application.tests.HomePageTests" name="addToCartFromRecommendedItems">
    <skipped/>
  </testcase> <!-- addToCartFromRecommendedItems -->
  <testcase classname="application.tests.HomePageTests" name="verifyTestCasesPage">
    <skipped/>
  </testcase> <!-- verifyTestCasesPage -->
  <testcase classname="application.tests.HomePageTests" name="verifyAddressDetailsInCheckoutPage">
    <skipped/>
  </testcase> <!-- verifyAddressDetailsInCheckoutPage -->
</testsuite> <!-- application.tests.HomePageTests -->
